TN:
SF:src/App.tsx
FN:15,Footer
FN:35,App
FN:42,(anonymous_2)
FNF:3
FNH:3
FNDA:13,Footer
FNDA:13,App
FNDA:3,(anonymous_2)
DA:16,13
DA:36,13
DA:42,13
DA:43,3
DA:45,3
DA:46,3
DA:47,1
DA:49,1
DA:57,13
LF:9
LH:9
BRDA:52,0,0,1
BRDA:52,0,1,0
BRDA:80,1,0,13
BRDA:80,1,1,1
BRDA:89,2,0,13
BRDA:89,2,1,1
BRDA:89,2,2,1
BRDA:94,3,0,13
BRDA:94,3,1,8
BRF:9
BRH:8
end_of_record
TN:
SF:src/components/HopNode.tsx
FN:20,getStatusBadge
FN:36,HopNode
FNF:2
FNH:2
FNDA:21,getStatusBadge
FNDA:21,HopNode
DA:21,21
DA:22,8
DA:24,13
DA:25,9
DA:27,4
DA:28,1
DA:30,3
DA:31,2
DA:33,1
DA:37,21
DA:38,21
DA:39,21
DA:41,21
DA:47,21
LF:14
LH:14
BRDA:21,0,0,8
BRDA:21,0,1,13
BRDA:21,1,0,21
BRDA:21,1,1,20
BRDA:24,2,0,9
BRDA:24,2,1,4
BRDA:24,3,0,13
BRDA:24,3,1,12
BRDA:27,4,0,1
BRDA:27,4,1,3
BRDA:27,5,0,4
BRDA:27,5,1,3
BRDA:30,6,0,2
BRDA:30,6,1,1
BRDA:33,7,0,1
BRDA:33,7,1,1
BRDA:39,8,0,20
BRDA:39,8,1,1
BRDA:41,9,0,2
BRDA:41,9,1,19
BRDA:43,10,0,1
BRDA:43,10,1,18
BRDA:50,11,0,21
BRDA:50,11,1,5
BRDA:67,12,0,21
BRDA:67,12,1,0
BRDA:67,13,0,0
BRDA:67,13,1,0
BRDA:90,14,0,21
BRDA:90,14,1,20
BRDA:98,15,0,1
BRDA:98,15,1,19
BRDA:99,16,0,1
BRDA:99,16,1,18
BRDA:113,17,0,1
BRDA:113,17,1,19
BRDA:123,18,0,21
BRDA:123,18,1,1
BRDA:128,19,0,21
BRDA:128,19,1,2
BRDA:128,19,2,2
BRDA:128,19,3,2
BRF:42
BRH:39
end_of_record
TN:
SF:src/components/RedirectChain.tsx
FN:14,RedirectChain
FN:18,(anonymous_1)
FN:20,(anonymous_2)
FN:23,(anonymous_3)
FN:72,(anonymous_4)
FN:77,(anonymous_5)
FNF:6
FNH:3
FNDA:12,RedirectChain
FNDA:18,(anonymous_1)
FNDA:0,(anonymous_2)
FNDA:0,(anonymous_3)
FNDA:6,(anonymous_4)
FNDA:0,(anonymous_5)
DA:15,12
DA:16,12
DA:18,18
DA:20,12
DA:21,0
DA:22,0
DA:23,0
DA:26,12
DA:28,11
DA:30,12
DA:73,6
DA:77,0
LF:12
LH:8
BRDA:26,0,0,1
BRDA:26,0,1,11
BRDA:28,1,0,3
BRDA:28,1,1,8
BRDA:38,2,0,3
BRDA:38,2,1,8
BRDA:41,3,0,0
BRDA:41,3,1,3
BRDA:46,4,0,4
BRDA:46,4,1,4
BRDA:51,5,0,12
BRDA:51,5,1,3
BRDA:54,6,0,0
BRDA:54,6,1,3
BRDA:70,7,0,12
BRDA:70,7,1,3
BRDA:75,8,0,6
BRDA:75,8,1,0
BRDA:80,9,0,0
BRDA:80,9,1,0
BRF:20
BRH:15
end_of_record
TN:
SF:src/components/ResultDisplay.tsx
FN:10,ResultDisplay
FN:19,(anonymous_1)
FNF:2
FNH:1
FNDA:4,ResultDisplay
FNDA:0,(anonymous_1)
DA:11,4
DA:13,4
DA:19,0
LF:3
LH:2
BRF:0
BRH:0
end_of_record
TN:
SF:src/components/SummaryCard.tsx
FN:13,SummaryCard
FN:20,(anonymous_1)
FN:23,(anonymous_2)
FN:45,(anonymous_3)
FN:118,(anonymous_4)
FNF:5
FNH:1
FNDA:15,SummaryCard
FNDA:0,(anonymous_1)
FNDA:0,(anonymous_2)
FNDA:0,(anonymous_3)
FNDA:0,(anonymous_4)
DA:14,15
DA:15,15
DA:17,15
DA:18,15
DA:20,15
DA:21,0
DA:22,0
DA:23,0
DA:26,15
DA:45,0
DA:118,0
LF:11
LH:6
BRDA:18,0,0,9
BRDA:18,0,1,6
BRDA:48,1,0,0
BRDA:48,1,1,15
BRDA:73,2,0,9
BRDA:73,2,1,6
BRDA:74,3,0,9
BRDA:74,3,1,6
BRDA:79,4,0,9
BRDA:79,4,1,6
BRDA:80,5,0,0
BRDA:80,5,1,9
BRDA:85,6,0,0
BRDA:85,6,1,15
BRDA:91,7,0,9
BRDA:91,7,1,6
BRDA:92,8,0,9
BRDA:92,8,1,6
BRDA:97,9,0,9
BRDA:97,9,1,6
BRDA:103,10,0,15
BRDA:103,10,1,9
BRDA:121,11,0,0
BRDA:121,11,1,9
BRF:24
BRH:20
end_of_record
TN:
SF:src/components/UrlForm.tsx
FN:17,UrlForm
FN:20,(anonymous_1)
FN:32,(anonymous_2)
FN:57,(anonymous_3)
FN:61,(anonymous_4)
FNF:5
FNH:5
FNDA:139,UrlForm
FNDA:5,(anonymous_1)
FNDA:117,(anonymous_2)
FNDA:417,(anonymous_3)
FNDA:1,(anonymous_4)
DA:11,2
DA:18,139
DA:20,139
DA:21,5
DA:22,5
DA:25,139
DA:32,117
DA:58,417
DA:61,1
LF:9
LH:9
BRDA:22,0,0,5
BRDA:22,0,1,0
BRDA:41,1,0,139
BRDA:41,1,1,135
BRDA:44,2,0,4
BRDA:44,2,1,135
BRF:6
BRH:5
end_of_record
TN:
SF:src/lib/formatUrl.ts
FN:6,formatUrl
FNF:1
FNH:1
FNDA:32,formatUrl
DA:7,32
DA:8,32
DA:9,32
DA:10,32
DA:13,32
DA:15,3
LF:6
LH:6
BRDA:6,0,0,32
BRDA:10,1,0,4
BRDA:10,1,1,25
BRDA:15,2,0,1
BRDA:15,2,1,2
BRF:5
BRH:5
end_of_record
TN:
SF:src/lib/urlCleaner.ts
FN:15,stripTrackingParams
FNF:1
FNH:1
FNDA:15,stripTrackingParams
DA:1,1
DA:16,15
DA:17,15
DA:18,15
DA:19,429
DA:22,13
DA:23,13
DA:25,2
LF:8
LH:8
BRF:0
BRH:0
end_of_record
TN:
SF:src/lib/urlInspector.ts
FN:20,isShortUrl
FN:29,countTrackingParams
FN:48,fetchWithTimeout
FN:50,(anonymous_3)
FN:59,followChain
FN:158,inspectUrl
FN:169,(anonymous_6)
FN:177,(anonymous_7)
FN:178,(anonymous_8)
FN:193,stripTrackingParamsSimple
FNF:10
FNH:9
FNDA:17,isShortUrl
FNDA:7,countTrackingParams
FNDA:19,fetchWithTimeout
FNDA:0,(anonymous_3)
FNDA:13,followChain
FNDA:12,inspectUrl
FNDA:10,(anonymous_6)
FNDA:10,(anonymous_7)
FNDA:10,(anonymous_8)
FNDA:12,stripTrackingParamsSimple
DA:11,1
DA:14,1
DA:21,17
DA:22,17
DA:23,17
DA:25,2
DA:30,7
DA:36,7
DA:37,7
DA:38,7
DA:39,7
DA:40,105
DA:42,5
DA:44,2
DA:49,19
DA:50,19
DA:51,19
DA:52,19
DA:53,9
DA:55,13
DA:60,13
DA:61,13
DA:62,13
DA:64,13
DA:65,19
DA:66,19
DA:68,19
DA:69,19
DA:74,9
DA:75,9
DA:78,9
DA:79,9
DA:80,9
DA:86,9
DA:87,9
DA:90,9
DA:91,19
DA:93,19
DA:102,19
DA:105,4
DA:106,4
DA:109,0
DA:110,0
DA:114,4
DA:115,0
DA:117,0
DA:118,0
DA:119,0
DA:123,4
DA:126,4
DA:127,2
DA:129,2
DA:132,2
DA:141,4
DA:145,7
DA:160,12
DA:161,12
DA:162,2
DA:165,12
DA:166,12
DA:168,12
DA:169,10
DA:172,12
DA:173,12
DA:174,1
DA:177,10
DA:178,10
DA:179,6
DA:180,6
DA:182,12
DA:194,12
DA:202,12
DA:203,12
DA:204,12
DA:205,319
DA:207,11
DA:209,1
LF:77
LH:71
BRDA:40,0,0,8
BRDA:40,0,1,97
BRDA:48,1,0,19
BRDA:59,2,0,13
BRDA:66,3,0,3
BRDA:66,3,1,16
BRDA:71,4,0,3
BRDA:71,4,1,16
BRDA:80,5,0,9
BRDA:80,5,1,5
BRDA:90,6,0,9
BRDA:90,6,1,4
BRDA:91,7,0,19
BRDA:91,7,1,4
BRDA:102,8,0,5
BRDA:102,8,1,14
BRDA:114,9,0,0
BRDA:114,9,1,4
BRDA:114,10,0,4
BRDA:114,10,1,0
BRDA:126,11,0,2
BRDA:126,11,1,2
BRDA:138,12,0,2
BRDA:138,12,1,0
BRDA:161,13,0,2
BRDA:161,13,1,10
BRDA:161,14,0,12
BRDA:161,14,1,10
BRDA:166,15,0,7
BRDA:166,15,1,5
BRDA:169,16,0,6
BRDA:169,16,1,5
BRDA:173,17,0,1
BRDA:173,17,1,11
BRDA:173,18,0,12
BRDA:173,18,1,6
BRDA:173,18,2,4
BRDA:180,19,0,6
BRDA:180,19,1,0
BRDA:189,20,0,12
BRDA:189,20,1,1
BRF:41
BRH:37
end_of_record
TN:
SF:src/lib/utils.ts
FN:4,cn
FNF:1
FNH:1
FNDA:466,cn
DA:5,466
LF:1
LH:1
BRF:0
BRH:0
end_of_record
